[2026-03-18 03:51] Session: 1 | Status: Incomplete/Force Quit | Active Time: 0.44m | Pauses: 1 | Last Ex: Incline Pushups
[2026-03-18 03:52] Session: 1 | Status: Incomplete/Force Quit | Active Time: 0.41m | Pauses: 0 | Last Ex: Incline Pushups
[2026-03-18 03:57] Session: 1 | Status: Incomplete/Force Quit | Active Time: 0.01m | Pauses: 0 | Last Ex: Incline Pushups
[2026-03-18 04:11] Session: 1 | Status: Incomplete/Force Quit | Active Time: 1.36m | Pauses: 0 | Last Ex: Jump Squats
[2026-03-19 02:08] Session: 1 | Status: Completed | Active Time: 22.6m | Pauses: 0 | Last Ex: Plank
[2026-03-21 03:35] Session: 2 | Status: Incomplete/Force Quit | Active Time: 5.29m | Pauses: 0 | Last Ex: Jump Squats
[2026-03-23 03:59] Session: 2 | Status: Completed | Active Time: 22.66m | Pauses: 0 | Last Ex: Plank
[2026-03-25 03:14] Session: 3 | Status: Incomplete/Force Quit | Active Time: 0.0m | Pauses: 2 | Last Ex: Incline Pushups
[2026-03-26 04:17] Session: 3 | Status: Completed | Active Time: 22.62m | Pauses: 2 | Last Ex: Plank
[2026-03-27 02:48] Session: 4 | Status: Completed | Active Time: 22.71m | Pauses: 3 | Last Ex: Plank
[2026-03-28 03:37] Session: 5 | Status: Incomplete/Force Quit | Active Time: 2.11m | Pauses: 0 | Last Ex: Pushups
[2026-04-01 03:18] Session: 5 | Status: Incomplete/Force Quit | Active Time: 24.14m | Pauses: 2 | Last Ex: Plank
[2026-04-02 03:37] Session: 5 | Status: Incomplete/Force Quit | Active Time: 6.52m | Pauses: 0 | Last Ex: Jump Squats
[2026-04-04 03:00] Session: 5 | Status: Incomplete/Force Quit | Active Time: 18.04m | Pauses: 0 | Last Ex: Superman
[2026-04-05 03:29] Session: 5 | Status: Incomplete/Force Quit | Active Time: 18.01m | Pauses: 2 | Last Ex: Superman
[2026-04-06 02:03] Session: 5 | Status: Incomplete/Force Quit | Active Time: 0.24m | Pauses: 0 | Last Ex: Incline Pushups
[2026-04-06 02:28] Session: 5 | Status: Incomplete/Force Quit | Active Time: 24.08m | Pauses: 0 | Last Ex: Plank
[2026-04-08 02:50] Session: 5 | Status: Completed | Active Time: 29.85m | Pauses: 2 | Last Ex: Plank
[2026-04-09 03:21] Session: 6 | Status: Completed | Active Time: 29.86m | Pauses: 2 | Last Ex: Plank
[2026-04-10 03:08] Session: 7 | Status: Incomplete/Force Quit | Active Time: 1.66m | Pauses: 0 | Last Ex: Incline Pushups
[2026-04-10 03:08] Session: 7 | Status: Incomplete/Force Quit | Active Time: 0.03m | Pauses: 0 | Last Ex: None
[2026-04-10 03:39] Session: 7 | Status: Completed | Active Time: 28.21m | Pauses: 1 | Last Ex: Plank
[2026-04-13 03:05] Session: 8 | Status: Incomplete/Force Quit | Active Time: 0.0m | Pauses: 1 | Last Ex: None
[2026-04-13 03:33] Session: 8 | Status: Completed | Active Time: 28.22m | Pauses: 0 | Last Ex: Plank
[2026-04-14 02:46] Session: 9 | Status: Completed | Active Time: 28.24m | Pauses: 1 | Last Ex: Plank
[2026-04-15 04:07] Session: 10 | Status: Completed | Active Time: 31.67m | Pauses: 0 | Last Ex: Plank
[2026-04-16 03:34] Session: 11 | Status: Completed | Active Time: 31.61m | Pauses: 1 | Last Ex: Plank
